<?xml version="1.0" encoding="UTF-8"?>
<testng-results ignored="0" total="1" passed="1" failed="0" skipped="0">
  <reporter-output>
  </reporter-output>
  <suite started-at="2025-06-10T18:12:51 IST" name="Default suite" finished-at="2025-06-10T18:12:51 IST" duration-ms="86">
    <groups>
    </groups>
    <test started-at="2025-06-10T18:12:51 IST" name="Default test" finished-at="2025-06-10T18:12:51 IST" duration-ms="86">
      <class name="com.frameworktests.MyTestCaseDemo">
        <test-method signature="MyTestCaseDemo1()[pri:0, instance:com.frameworktests.MyTestCaseDemo@131774fe]" started-at="2025-06-10T18:12:51 IST" name="MyTestCaseDemo1" finished-at="2025-06-10T18:12:51 IST" duration-ms="21" status="PASS">
          <reporter-output>
          </reporter-output>
        </test-method> <!-- MyTestCaseDemo1 -->
      </class> <!-- com.frameworktests.MyTestCaseDemo -->
    </test> <!-- Default test -->
  </suite> <!-- Default suite -->
</testng-results>
